<?xml version="1.0" encoding="UTF-8"?>
<!-- Generated by org.testng.reporters.JUnitXMLReporter -->
<testsuite hostname="DESKTOP-Q1GEO8P" ignored="0" name="TestNGExpedia" tests="1" failures="0" timestamp="06 Jul 2019 22:59:43 GMT" time="7.183" errors="0">
  <testcase name="@BeforeClass SetUpBrowser" time="7.082" classname="bookFlights.Verify_FlightBooking_Functionality">
    <failure type="java.lang.IllegalStateException" message="The driver executable does not exist: C:\ECLIPSE\Eclipse-workspace\SelBootCamp_2855VA_SyrusWazir_Expedia\src\main\java\com\qa\WebDrivers\geckodriver.exe">
      <![CDATA[java.lang.IllegalStateException: The driver executable does not exist: C:\ECLIPSE\Eclipse-workspace\SelBootCamp_2855VA_SyrusWazir_Expedia\src\main\java\com\qa\WebDrivers\geckodriver.exe
at com.google.common.base.Preconditions.checkState(Preconditions.java:585)
at org.openqa.selenium.remote.service.DriverService.checkExecutable(DriverService.java:146)
at org.openqa.selenium.remote.service.DriverService.findExecutable(DriverService.java:141)
at org.openqa.selenium.ie.InternetExplorerDriverService.access$000(InternetExplorerDriverService.java:35)
at org.openqa.selenium.ie.InternetExplorerDriverService$Builder.findDefaultExecutable(InternetExplorerDriverService.java:175)
at org.openqa.selenium.remote.service.DriverService$Builder.build(DriverService.java:355)
at org.openqa.selenium.ie.InternetExplorerDriver.setupService(InternetExplorerDriver.java:281)
at org.openqa.selenium.ie.InternetExplorerDriver.<init>(InternetExplorerDriver.java:211)
at org.openqa.selenium.ie.InternetExplorerDriver.<init>(InternetExplorerDriver.java:150)
at baseProperty.BaseClass.SelectBrowser(BaseClass.java:45)
at baseProperty.BaseClass.Invoke(BaseClass.java:20)
at bookFlights.Verify_FlightBooking_Functionality.SetUpBrowser(Verify_FlightBooking_Functionality.java:31)
... Removed 26 stack frames]]>
    </failure>
  </testcase> <!-- @BeforeClass SetUpBrowser -->
  <testcase name="@AfterClass tearDown" time="0.0" classname="bookFlights.Verify_FlightBooking_Functionality">
    <skipped/>
  </testcase> <!-- @AfterClass tearDown -->
  <testcase name="Validate_FlightBooking" time="0.0" classname="bookFlights.Verify_FlightBooking_Functionality">
    <skipped/>
  </testcase> <!-- Validate_FlightBooking -->
</testsuite> <!-- TestNGExpedia -->
